Arguments: 
  C:\Program Files\nodejs\node.exe C:\Users\junio\AppData\Roaming\npm\node_modules\yarn\bin\yarn.js

PATH: 
  C:\Users\junio\bin;C:\Program Files\Git\mingw64\bin;C:\Program Files\Git\usr\local\bin;C:\Program Files\Git\usr\bin;C:\Program Files\Git\usr\bin;C:\Program Files\Git\mingw64\bin;C:\Program Files\Git\usr\bin;C:\Users\junio\bin;C:\Program Files (x86)\Common Files\Oracle\Java\javapath;C:\Python311\Scripts;C:\Python311;C:\Python310\Scripts;C:\Python310;C:\WINDOWS\system32;C:\WINDOWS;C:\WINDOWS\System32\Wbem;C:\WINDOWS\System32\WindowsPowerShell\v1.0;C:\WINDOWS\System32\OpenSSH;C:\Program Files\Git\cmd;C:\Users\junio\Documents\nvm;C:\Program Files\nodejs;C:\ProgramData\chocolatey\bin;C:\Program Files\PostgreSQL\15\bin;C:\Users\junio\AppData\Roaming\pypoetry\venv\Scripts\poetry.exe;C:\Users\junio\AppData\Roaming\Python\Scripts;C:\Program Files\nodejs;C:\Users\junio\AppData\Local\Microsoft\WindowsApps;C:\Users\junio\AppData\Local\Programs\Microsoft VS Code\bin;C:\Users\junio\AppData\Local\GitHubDesktop\bin;C:\Users\junio\Documents\nvm;C:\Program Files\nodejs;C:\Users\junio\AppData\Roaming\npm;C:\Program Files\Git\usr\bin\vendor_perl;C:\Program Files\Git\usr\bin\core_perl

Yarn version: 
  1.22.19

Node version: 
  18.16.0

Platform: 
  win32 x64

Trace: 
  SyntaxError: C:\Users\junio\Documents\GitHub\teste-elevcode\package.json: Unexpected end of JSON input
      at JSON.parse (<anonymous>)
      at C:\Users\junio\AppData\Roaming\npm\node_modules\yarn\lib\cli.js:1629:59
      at Generator.next (<anonymous>)
      at step (C:\Users\junio\AppData\Roaming\npm\node_modules\yarn\lib\cli.js:310:30)
      at C:\Users\junio\AppData\Roaming\npm\node_modules\yarn\lib\cli.js:321:13

npm manifest: 
  

yarn manifest: 
  No manifest

Lockfile: 
  No lockfile
